0 info it worked if it ends with ok
1 verbose cli [ '/usr/bin/node', '/usr/bin/npm', 'run', 'pre-commit' ]
2 info using npm@3.5.2
3 info using node@v8.10.0
4 verbose run-script [ 'pre-commit' ]
5 info lifecycle api-node-side-quest@1.0.0~pre-commit: api-node-side-quest@1.0.0
6 verbose lifecycle api-node-side-quest@1.0.0~pre-commit: unsafe-perm in lifecycle true
7 verbose lifecycle api-node-side-quest@1.0.0~pre-commit: PATH: /usr/share/npm/bin/node-gyp-bin:/home/samuelcdias/Documentos/api/api-node-side-quest/node_modules/.bin:/usr/lib/git-core:/home/samuelcdias/.local/bin:/usr/local/sbin:/usr/local/bin:/usr/sbin:/usr/bin:/sbin:/bin:/usr/games:/usr/local/games:/snap/bin
8 verbose lifecycle api-node-side-quest@1.0.0~pre-commit: CWD: /home/samuelcdias/Documentos/api/api-node-side-quest
9 silly lifecycle api-node-side-quest@1.0.0~pre-commit: Args: [ '-c', 'lint-staged' ]
10 silly lifecycle api-node-side-quest@1.0.0~pre-commit: Returned: code: 1  signal: null
11 info lifecycle api-node-side-quest@1.0.0~pre-commit: Failed to exec pre-commit script
12 verbose stack Error: api-node-side-quest@1.0.0 pre-commit: `lint-staged`
12 verbose stack Exit status 1
12 verbose stack     at EventEmitter.<anonymous> (/usr/share/npm/lib/utils/lifecycle.js:232:16)
12 verbose stack     at emitTwo (events.js:126:13)
12 verbose stack     at EventEmitter.emit (events.js:214:7)
12 verbose stack     at ChildProcess.<anonymous> (/usr/share/npm/lib/utils/spawn.js:24:14)
12 verbose stack     at emitTwo (events.js:126:13)
12 verbose stack     at ChildProcess.emit (events.js:214:7)
12 verbose stack     at maybeClose (internal/child_process.js:925:16)
12 verbose stack     at Process.ChildProcess._handle.onexit (internal/child_process.js:209:5)
13 verbose pkgid api-node-side-quest@1.0.0
14 verbose cwd /home/samuelcdias/Documentos/api/api-node-side-quest
15 error Linux 5.4.0-56-generic
16 error argv "/usr/bin/node" "/usr/bin/npm" "run" "pre-commit"
17 error node v8.10.0
18 error npm  v3.5.2
19 error code ELIFECYCLE
20 error api-node-side-quest@1.0.0 pre-commit: `lint-staged`
20 error Exit status 1
21 error Failed at the api-node-side-quest@1.0.0 pre-commit script 'lint-staged'.
21 error Make sure you have the latest version of node.js and npm installed.
21 error If you do, this is most likely a problem with the api-node-side-quest package,
21 error not with npm itself.
21 error Tell the author that this fails on your system:
21 error     lint-staged
21 error You can get information on how to open an issue for this project with:
21 error     npm bugs api-node-side-quest
21 error Or if that isn't available, you can get their info via:
21 error     npm owner ls api-node-side-quest
21 error There is likely additional logging output above.
22 verbose exit [ 1, true ]
